Wed Mar 27 21:44:33 2024 - /home/arkaan/Downloads/wanncry.exe - [REVERSINGLABS_Win32_Ransomware_Wannacry, BINARYALERT_Ransomware_Windows_Wannacry, SIGNATURE_BASE_Wannacry_Ransomware]
Wed Mar 27 22:04:12 2024 - /home/arkaan/Downloads/TXT.txt - No Match
Wed Mar 27 22:07:46 2024 - /home/arkaan/Downloads/Test/.goutputstream-NJAAL2 - No Match
Wed Mar 27 22:08:24 2024 - /home/arkaan/Downloads/TXT.txt - [SIGNATURE_BASE_Php_Reverse_Shell]
Wed Mar 27 22:12:11 2024 - /home/arkaan/Downloads/TXT.txt - [SIGNATURE_BASE_Php_Reverse_Shell]
Wed Mar 27 22:12:29 2024 - /home/arkaan/Downloads/TXT.txt - [SIGNATURE_BASE_Php_Reverse_Shell]
Sat Mar 30 00:12:04 2024 - /home/arkaan/Downloads/TXT.txt - [PowerShell_ReverseShell]
Sat Mar 30 00:14:33 2024 - /home/arkaan/Downloads/TXT.txt - No Match
Sat Mar 30 00:16:12 2024 - /home/arkaan/Downloads/TXT.txt - No Match
Sat Mar 30 00:16:43 2024 - /home/arkaan/Downloads/TXT.txt - No Match
Sat Mar 30 00:16:53 2024 - /home/arkaan/Downloads/.goutputstream-RP2PL2 - No Match
Sat Mar 30 00:17:02 2024 - /home/arkaan/Downloads/TXT.txt - No Match
Sat Mar 30 00:21:57 2024 - /home/arkaan/Downloads/.goutputstream-P7VML2 - No Match
Sat Mar 30 00:22:08 2024 - /home/arkaan/Downloads/TXT.txt - No Match
Sat Mar 30 00:23:12 2024 - /home/arkaan/Downloads/.goutputstream-JZARL2 - No Match
Sat Mar 30 00:23:27 2024 - /home/arkaan/Downloads/TXT.txt - No Match
Sat Mar 30 00:26:24 2024 - /home/arkaan/Downloads/TXT.txt - No Match
Sat Mar 30 00:27:01 2024 - /home/arkaan/Downloads/.goutputstream-ISK6K2 - No Match
Sat Mar 30 00:27:13 2024 - /home/arkaan/Downloads/TXT.txt - No Match
Sat Mar 30 00:27:53 2024 - /home/arkaan/Downloads/TXT.txt - [Python_ReverseShell]
Sat Mar 30 00:28:30 2024 - /home/arkaan/Downloads/.goutputstream-TQCLL2 - No Match
Sat Mar 30 00:28:35 2024 - /home/arkaan/Downloads/TXT.txt - [PowerShell_ReverseShell_Variant]
Sat Mar 30 00:29:16 2024 - /home/arkaan/Downloads/.goutputstream-I7T6K2 - No Match
Sat Mar 30 00:29:28 2024 - /home/arkaan/Downloads/TXT.txt - No Match
Sat Mar 30 00:34:49 2024 - /home/arkaan/Downloads/TXT.txt - No Match
Sat Mar 30 00:38:38 2024 - /home/arkaan/Downloads/.goutputstream-NN66K2 - No Match
Sat Mar 30 00:38:46 2024 - /home/arkaan/Downloads/TXT.txt - [PHP_ReverseShell]
Sat Mar 30 00:39:05 2024 - /home/arkaan/Downloads/.goutputstream-ZA3JL2 - No Match
Sat Mar 30 00:39:10 2024 - /home/arkaan/Downloads/TXT.txt - No Match
