Thu Jun 20 16:37:09 2024 - /opt/lampp/htdocs/skripsi/public/files/6673f84532e1a.sh Created
Sun Jun 23 21:27:23 2024 - /opt/lampp/htdocs/skripsi/public/files/667830cb40947.zip Created
Sun Jun 23 21:28:56 2024 - /opt/lampp/htdocs/skripsi/public/files/66783128ad923.bin Created
Sun Jun 23 21:33:41 2024 - /opt/lampp/htdocs/skripsi/public/files/6678324543260. Created
Sun Jun 23 21:37:14 2024 - /opt/lampp/htdocs/skripsi/public/files/6678331ab46b2.bin Created
Sun Jun 23 21:37:15 2024 - /opt/lampp/htdocs/skripsi/public/files/6678331b7b668.bin Created
Sun Jun 23 21:41:05 2024 - /opt/lampp/htdocs/skripsi/public/files/66783401af0cc.bin Created
Sun Jun 23 21:44:01 2024 - /opt/lampp/htdocs/skripsi/public/files/667834b179760.exe Created
Sun Jun 23 21:46:09 2024 - /opt/lampp/htdocs/skripsi/public/files/66783531721d6.exe Created
Sun Jun 23 21:51:40 2024 - /opt/lampp/htdocs/skripsi/public/files/6678367cbec1f.exe Created
Sun Jun 23 21:52:28 2024 - /opt/lampp/htdocs/skripsi/public/files/667836acb337c.exe Created
Sun Jun 23 21:52:28 2024 - /opt/lampp/htdocs/skripsi/public/files/667836acb7aec.exe Created
Sun Jun 23 21:53:24 2024 - /opt/lampp/htdocs/skripsi/public/files/667836e46fc06.exe Created
Sun Jun 23 21:55:06 2024 - /opt/lampp/htdocs/skripsi/public/files/6678374a89bcf. Created
Sun Jun 23 22:13:00 2024 - /opt/lampp/htdocs/skripsi/public/files/66783b7cb454b.bin Created
Sun Jun 23 22:14:26 2024 - /opt/lampp/htdocs/skripsi/public/files/66783bd28c15b. Created
Sun Jun 23 22:15:44 2024 - /opt/lampp/htdocs/skripsi/public/files/66783c20b625e. Created
Sun Jun 23 22:17:14 2024 - /opt/lampp/htdocs/skripsi/public/files/66783c7a36710.exe Created
Sun Jun 23 22:18:24 2024 - /opt/lampp/htdocs/skripsi/public/files/66783cc0ac3aa.sh Created
Sun Jun 23 22:19:54 2024 - /opt/lampp/htdocs/skripsi/public/files/66783d1a568c7.sh Created
Sun Jun 23 22:22:57 2024 - /opt/lampp/htdocs/skripsi/public/files/66783dd1ed81d.sh Created
Sun Jun 23 22:25:25 2024 - /opt/lampp/htdocs/skripsi/public/images/66783e6557992.jpg Created
Sun Jun 23 22:26:53 2024 - /opt/lampp/htdocs/skripsi/public/files/66783ebda232d.sh Created
Sun Jun 23 22:27:43 2024 - /opt/lampp/htdocs/skripsi/public/files/66783eef70940.sh Created
Sun Jun 23 22:28:39 2024 - /opt/lampp/htdocs/skripsi/public/files/66783f27e2353.txt Created